<?xml version="1.0" encoding="UTF-8"?>
<testsuite name="com.br.deliver.DeliverApplicationTests" tests="1" skipped="1" failures="0" errors="0" timestamp="2020-01-21T11:18:47" hostname="felipe-pc" time="10.087">
  <properties/>
  <testcase name="contextLoads()" classname="com.br.deliver.DeliverApplicationTests" time="10.087">
    <skipped/>
  </testcase>
  <system-out><![CDATA[08:18:40.962 [Test worker] DEBUG org.springframework.test.context.BootstrapUtils - Instantiating CacheAwareContextLoaderDelegate from class [org.springframework.test.context.cache.DefaultCacheAwareContextLoaderDelegate]
08:18:40.983 [Test worker] DEBUG org.springframework.test.context.BootstrapUtils - Instantiating BootstrapContext using constructor [public org.springframework.test.context.support.DefaultBootstrapContext(java.lang.Class,org.springframework.test.context.CacheAwareContextLoaderDelegate)]
08:18:41.021 [Test worker] DEBUG org.springframework.test.context.BootstrapUtils - Instantiating TestContextBootstrapper for test class [com.br.deliver.DeliverApplicationTests] from class [org.springframework.boot.test.context.SpringBootTestContextBootstrapper]
08:18:41.033 [Test worker] INFO org.springframework.boot.test.context.SpringBootTestContextBootstrapper - Neither @ContextConfiguration nor @ContextHierarchy found for test class [com.br.deliver.DeliverApplicationTests], using SpringBootContextLoader
08:18:41.037 [Test worker] DEBUG org.springframework.test.context.support.AbstractContextLoader - Did not detect default resource location for test class [com.br.deliver.DeliverApplicationTests]: class path resource [com/br/deliver/DeliverApplicationTests-context.xml] does not exist
08:18:41.038 [Test worker] DEBUG org.springframework.test.context.support.AbstractContextLoader - Did not detect default resource location for test class [com.br.deliver.DeliverApplicationTests]: class path resource [com/br/deliver/DeliverApplicationTestsContext.groovy] does not exist
08:18:41.038 [Test worker] INFO org.springframework.test.context.support.AbstractContextLoader - Could not detect default resource locations for test class [com.br.deliver.DeliverApplicationTests]: no resource found for suffixes {-context.xml, Context.groovy}.
08:18:41.039 [Test worker] INFO org.springframework.test.context.support.AnnotationConfigContextLoaderUtils - Could not detect default configuration classes for test class [com.br.deliver.DeliverApplicationTests]: DeliverApplicationTests does not declare any static, non-private, non-final, nested classes annotated with @Configuration.
08:18:41.096 [Test worker] DEBUG org.springframework.test.context.support.ActiveProfilesUtils - Could not find an 'annotation declaring class' for annotation type [org.springframework.test.context.ActiveProfiles] and class [com.br.deliver.DeliverApplicationTests]
08:18:41.185 [Test worker] DEBUG org.springframework.context.annotation.ClassPathScanningCandidateComponentProvider - Identified candidate component class: file [/home/felipe/Área de Trabalho/teste-deliver-2/deliver/build/classes/java/main/com/br/deliver/DeliverApplication.class]
08:18:41.187 [Test worker] INFO org.springframework.boot.test.context.SpringBootTestContextBootstrapper - Found @SpringBootConfiguration com.br.deliver.DeliverApplication for test class com.br.deliver.DeliverApplicationTests
08:18:41.277 [Test worker] DEBUG org.springframework.boot.test.context.SpringBootTestContextBootstrapper - @TestExecutionListeners is not present for class [com.br.deliver.DeliverApplicationTests]: using defaults.
08:18:41.278 [Test worker] INFO org.springframework.boot.test.context.SpringBootTestContextBootstrapper - Loaded default TestExecutionListener class names from location [META-INF/spring.factories]: [org.springframework.boot.test.autoconfigure.restdocs.RestDocsTestExecutionListener, org.springframework.boot.test.autoconfigure.web.client.MockRestServiceServerResetTestExecutionListener, org.springframework.boot.test.autoconfigure.web.servlet.MockMvcPrintOnlyOnFailureTestExecutionListener, org.springframework.boot.test.autoconfigure.web.servlet.WebDriverTestExecutionListener, org.springframework.boot.test.mock.mockito.MockitoTestExecutionListener, org.springframework.boot.test.mock.mockito.ResetMocksTestExecutionListener, org.springframework.test.context.web.ServletTestExecutionListener, org.springframework.test.context.support.DirtiesContextBeforeModesTestExecutionListener, org.springframework.test.context.support.DependencyInjectionTestExecutionListener, org.springframework.test.context.support.DirtiesContextTestExecutionListener, org.springframework.test.context.transaction.TransactionalTestExecutionListener, org.springframework.test.context.jdbc.SqlScriptsTestExecutionListener, org.springframework.test.context.event.EventPublishingTestExecutionListener]
08:18:41.298 [Test worker] INFO org.springframework.boot.test.context.SpringBootTestContextBootstrapper - Using TestExecutionListeners: [org.springframework.test.context.web.ServletTestExecutionListener@41e5d391, org.springframework.test.context.support.DirtiesContextBeforeModesTestExecutionListener@4496b346, org.springframework.boot.test.mock.mockito.MockitoTestExecutionListener@2a2e1803, org.springframework.boot.test.autoconfigure.SpringBootDependencyInjectionTestExecutionListener@4a7387aa, org.springframework.test.context.support.DirtiesContextTestExecutionListener@2565ac2e, org.springframework.test.context.transaction.TransactionalTestExecutionListener@54182747, org.springframework.test.context.jdbc.SqlScriptsTestExecutionListener@eacc3c7, org.springframework.test.context.event.EventPublishingTestExecutionListener@58345b6f, org.springframework.boot.test.autoconfigure.restdocs.RestDocsTestExecutionListener@5038989b, org.springframework.boot.test.autoconfigure.web.client.MockRestServiceServerResetTestExecutionListener@458fbfc4, org.springframework.boot.test.autoconfigure.web.servlet.MockMvcPrintOnlyOnFailureTestExecutionListener@2d55fe49, org.springframework.boot.test.autoconfigure.web.servlet.WebDriverTestExecutionListener@57c037af, org.springframework.boot.test.mock.mockito.ResetMocksTestExecutionListener@4328818c]
08:18:41.304 [Test worker] DEBUG org.springframework.test.context.support.AbstractDirtiesContextTestExecutionListener - Before test class: context [DefaultTestContext@2b7d44ab testClass = DeliverApplicationTests, testInstance = [null], testMethod = [null], testException = [null], mergedContextConfiguration = [WebMergedContextConfiguration@74224178 testClass = DeliverApplicationTests, locations = '{}', classes = '{class com.br.deliver.DeliverApplication}', contextInitializerClasses = '[]', activeProfiles = '{}', propertySourceLocations = '{}', propertySourceProperties = '{org.springframework.boot.test.context.SpringBootTestContextBootstrapper=true}', contextCustomizers = set[org.springframework.boot.test.autoconfigure.properties.PropertyMappingContextCustomizer@0, org.springframework.boot.test.autoconfigure.web.servlet.WebDriverContextCustomizerFactory$Customizer@7b33c2c2, org.springframework.boot.test.context.filter.ExcludeFilterContextCustomizer@2978361b, org.springframework.boot.test.json.DuplicateJsonObjectContextCustomizerFactory$DuplicateJsonObjectContextCustomizer@2a4609b3, org.springframework.boot.test.mock.mockito.MockitoContextCustomizer@0, org.springframework.boot.test.web.client.TestRestTemplateContextCustomizer@7fc7fb64], resourceBasePath = 'src/main/webapp', contextLoader = 'org.springframework.boot.test.context.SpringBootContextLoader', parent = [null]], attributes = map['org.springframework.test.context.web.ServletTestExecutionListener.activateListener' -> true]], class annotated with @DirtiesContext [false] with mode [null].
08:18:41.350 [Test worker] DEBUG org.springframework.test.context.support.TestPropertySourceUtils - Adding inlined properties to environment: {spring.jmx.enabled=false, org.springframework.boot.test.context.SpringBootTestContextBootstrapper=true, server.port=-1}

  .   ____          _            __ _ _
 /\\ / ___'_ __ _ _(_)_ __  __ _ \ \ \ \
( ( )\___ | '_ | '_| | '_ \/ _` | \ \ \ \
 \\/  ___)| |_)| | | | | || (_| |  ) ) ) )
  '  |____| .__|_| |_|_| |_\__, | / / / /
 =========|_|==============|___/=/_/_/_/
 :: Spring Boot ::        (v2.2.4.RELEASE)

2020-01-21 08:18:41.718  INFO 1533 --- [    Test worker] com.br.deliver.DeliverApplicationTests   : Starting DeliverApplicationTests on felipe-pc with PID 1533 (started by felipe in /home/felipe/Área de Trabalho/teste-deliver-2/deliver)
2020-01-21 08:18:41.721  INFO 1533 --- [    Test worker] com.br.deliver.DeliverApplicationTests   : No active profile set, falling back to default profiles: default
2020-01-21 08:18:42.715  INFO 1533 --- [    Test worker] .s.d.r.c.RepositoryConfigurationDelegate : Bootstrapping Spring Data JPA repositories in DEFAULT mode.
2020-01-21 08:18:42.786  INFO 1533 --- [    Test worker] .s.d.r.c.RepositoryConfigurationDelegate : Finished Spring Data repository scanning in 59ms. Found 1 JPA repository interfaces.
2020-01-21 08:18:43.394  INFO 1533 --- [    Test worker] trationDelegate$BeanPostProcessorChecker : Bean 'org.springframework.transaction.annotation.ProxyTransactionManagementConfiguration' of type [org.springframework.transaction.annotation.ProxyTransactionManagementConfiguration] is not eligible for getting processed by all BeanPostProcessors (for example: not eligible for auto-proxying)
2020-01-21 08:18:43.635  INFO 1533 --- [    Test worker] com.zaxxer.hikari.HikariDataSource       : HikariPool-1 - Starting...
2020-01-21 08:18:43.890  INFO 1533 --- [    Test worker] com.zaxxer.hikari.HikariDataSource       : HikariPool-1 - Start completed.
2020-01-21 08:18:43.972  INFO 1533 --- [    Test worker] o.hibernate.jpa.internal.util.LogHelper  : HHH000204: Processing PersistenceUnitInfo [name: default]
2020-01-21 08:18:44.053  INFO 1533 --- [    Test worker] org.hibernate.Version                    : HHH000412: Hibernate Core {5.4.10.Final}
2020-01-21 08:18:44.239  INFO 1533 --- [    Test worker] o.hibernate.annotations.common.Version   : HCANN000001: Hibernate Commons Annotations {5.1.0.Final}
2020-01-21 08:18:44.420  INFO 1533 --- [    Test worker] org.hibernate.dialect.Dialect            : HHH000400: Using dialect: org.hibernate.dialect.H2Dialect
2020-01-21 08:18:45.414  INFO 1533 --- [    Test worker] o.h.e.t.j.p.i.JtaPlatformInitiator       : HHH000490: Using JtaPlatform implementation: [org.hibernate.engine.transaction.jta.platform.internal.NoJtaPlatform]
2020-01-21 08:18:45.460  INFO 1533 --- [    Test worker] j.LocalContainerEntityManagerFactoryBean : Initialized JPA EntityManagerFactory for persistence unit 'default'
2020-01-21 08:18:46.810  WARN 1533 --- [    Test worker] JpaBaseConfiguration$JpaWebConfiguration : spring.jpa.open-in-view is enabled by default. Therefore, database queries may be performed during view rendering. Explicitly configure spring.jpa.open-in-view to disable this warning
2020-01-21 08:18:47.085  INFO 1533 --- [    Test worker] o.s.s.concurrent.ThreadPoolTaskExecutor  : Initializing ExecutorService 'applicationTaskExecutor'
2020-01-21 08:18:47.766  INFO 1533 --- [    Test worker] com.br.deliver.DeliverApplicationTests   : Started DeliverApplicationTests in 6.402 seconds (JVM running for 8.275)
]]></system-out>
  <system-err><![CDATA[]]></system-err>
</testsuite>
